TN:
SF:src\services\mockdata.ts
FNF:0
FNH:0
DA:1,1
DA:2,1
DA:3,1
DA:4,1
DA:5,1
DA:6,1
DA:7,1
DA:8,1
DA:9,1
DA:10,1
DA:11,1
DA:12,1
DA:13,1
DA:14,1
DA:15,1
DA:16,1
DA:17,1
DA:18,1
DA:19,1
DA:20,1
DA:21,1
DA:22,1
DA:23,1
DA:24,1
DA:25,1
DA:26,1
DA:27,1
DA:28,1
DA:29,1
DA:30,1
DA:31,1
DA:32,1
DA:33,1
DA:34,1
DA:35,1
DA:36,1
DA:37,1
DA:38,1
DA:39,1
DA:40,1
DA:41,1
DA:42,1
DA:43,1
DA:44,1
DA:45,1
DA:46,1
DA:47,1
DA:48,1
DA:49,1
DA:50,1
DA:51,1
DA:52,1
DA:53,1
DA:54,1
DA:55,1
DA:56,1
DA:57,1
DA:58,1
DA:59,1
DA:60,1
DA:61,1
DA:62,1
DA:63,1
DA:64,1
DA:65,1
DA:66,1
DA:67,1
DA:68,1
DA:69,1
DA:70,1
DA:71,1
DA:72,1
DA:73,1
DA:74,1
DA:75,1
DA:76,1
DA:77,1
DA:78,1
DA:79,1
DA:80,1
DA:81,1
DA:82,1
DA:83,1
DA:84,1
DA:85,1
DA:86,1
DA:87,1
DA:88,1
DA:89,1
DA:90,1
DA:91,1
DA:92,1
DA:93,1
DA:94,1
DA:95,1
DA:96,1
DA:97,1
LF:97
LH:97
BRF:0
BRH:0
end_of_record
TN:
SF:src\services\store.ts
FN:33,useDispatch
FNF:1
FNH:0
FNDA:0,useDispatch
DA:1,1
DA:2,1
DA:3,1
DA:4,1
DA:5,1
DA:6,1
DA:7,1
DA:8,1
DA:9,1
DA:10,1
DA:11,1
DA:12,1
DA:13,1
DA:14,1
DA:15,1
DA:16,1
DA:17,1
DA:18,1
DA:19,1
DA:20,1
DA:21,1
DA:22,1
DA:23,1
DA:24,1
DA:25,1
DA:26,1
DA:27,1
DA:28,1
DA:29,1
DA:30,1
DA:31,1
DA:32,1
DA:33,1
DA:34,1
DA:35,1
DA:36,1
LF:36
LH:36
BRF:0
BRH:0
end_of_record
TN:
SF:src\services\burgerConstructor\burgerConstructorSlice.ts
FN:25,reducer
FN:32,prepare
FN:36,removeIngredient
FN:44,moveIngredientUp
FN:57,moveIngredientDown
FN:70,clearConstructor
FNF:6
FNH:6
FNDA:3,reducer
FNDA:3,prepare
FNDA:1,removeIngredient
FNDA:2,moveIngredientUp
FNDA:2,moveIngredientDown
FNDA:1,clearConstructor
DA:1,1
DA:2,1
DA:3,1
DA:4,1
DA:5,1
DA:6,1
DA:7,1
DA:8,1
DA:9,1
DA:10,1
DA:11,1
DA:12,1
DA:13,1
DA:14,1
DA:15,1
DA:16,1
DA:17,1
DA:18,1
DA:19,1
DA:20,1
DA:21,1
DA:22,1
DA:23,1
DA:24,1
DA:25,1
DA:26,3
DA:27,2
DA:28,3
DA:29,1
DA:30,1
DA:31,1
DA:32,1
DA:33,3
DA:34,3
DA:35,1
DA:36,1
DA:37,1
DA:38,1
DA:39,1
DA:40,1
DA:41,1
DA:42,1
DA:43,1
DA:44,1
DA:45,2
DA:46,2
DA:47,1
DA:48,2
DA:49,1
DA:50,1
DA:51,1
DA:52,1
DA:53,1
DA:54,1
DA:55,1
DA:56,1
DA:57,1
DA:58,2
DA:59,2
DA:60,2
DA:61,2
DA:62,1
DA:63,1
DA:64,1
DA:65,1
DA:66,1
DA:67,1
DA:68,1
DA:69,1
DA:70,1
DA:71,1
DA:72,1
DA:73,1
DA:74,1
DA:75,1
DA:76,1
DA:77,1
DA:78,1
DA:79,1
DA:80,1
DA:81,1
DA:82,1
DA:83,1
DA:84,1
LF:84
LH:84
BRDA:25,0,0,3
BRDA:26,1,0,2
BRDA:28,2,0,1
BRDA:32,3,0,3
BRDA:36,4,0,1
BRDA:44,5,0,2
BRDA:46,6,0,1
BRDA:48,7,0,1
BRDA:57,8,0,2
BRDA:61,9,0,1
BRDA:70,10,0,1
BRF:11
BRH:11
end_of_record
TN:
SF:src\services\ingredients\ingredientsSlice.ts
FN:2,_regeneratorDefine2
FN:2,_regeneratorDefine
FN:2,o
FN:2,_OverloadYield
FN:2,asyncGeneratorStep
FN:2,_asyncToGenerator
FN:2,_next
FN:2,_throw
FN:27,_callee
FN:27,_callee$
FN:44,selectIngredient
FN:51,extraReducers
FNF:12
FNH:10
FNDA:2,_regeneratorDefine2
FNDA:21,_regeneratorDefine
FNDA:6,o
FNDA:0,_OverloadYield
FNDA:2,asyncGeneratorStep
FNDA:2,_asyncToGenerator
FNDA:2,_next
FNDA:0,_throw
FNDA:1,_callee
FNDA:2,_callee$
FNDA:1,selectIngredient
FNDA:2,extraReducers
DA:1,1
DA:2,0
DA:3,1
DA:4,1
DA:5,1
DA:6,1
DA:7,1
DA:8,1
DA:9,1
DA:10,1
DA:11,1
DA:12,1
DA:13,1
DA:14,1
DA:15,1
DA:16,1
DA:17,1
DA:18,1
DA:19,1
DA:20,1
DA:21,1
DA:22,1
DA:23,1
DA:24,1
DA:25,1
DA:26,1
DA:27,2
DA:28,1
DA:29,1
DA:30,0
DA:31,0
DA:32,0
DA:33,0
DA:34,0
DA:35,2
DA:36,2
DA:37,2
DA:38,1
DA:39,1
DA:40,1
DA:41,1
DA:42,1
DA:43,1
DA:44,1
DA:45,1
DA:46,1
DA:47,1
DA:48,1
DA:49,1
DA:50,1
DA:51,1
DA:52,2
DA:53,2
DA:54,2
DA:55,2
DA:56,2
DA:57,2
DA:58,2
DA:59,2
DA:60,2
DA:61,2
DA:62,1
DA:63,1
DA:64,2
DA:65,2
DA:66,1
DA:67,1
DA:68,1
DA:69,1
LF:69
LH:63
BRDA:2,0,0,2
BRDA:2,1,0,0
BRDA:2,2,0,21
BRDA:2,3,0,19
BRDA:2,4,0,0
BRDA:2,5,0,2
BRDA:2,6,0,6
BRDA:2,7,0,2
BRDA:2,8,0,2
BRDA:2,9,0,0
BRDA:2,10,0,1
BRDA:2,11,0,1
BRDA:2,12,0,2
BRDA:2,13,0,1
BRDA:2,14,0,1
BRDA:2,15,0,2
BRDA:26,16,0,2
BRDA:27,17,0,1
BRDA:27,18,0,2
BRDA:27,19,0,1
BRDA:29,20,0,1
BRDA:29,21,0,0
BRDA:32,22,0,0
BRDA:34,23,0,0
BRDA:34,24,0,0
BRDA:44,25,0,1
BRDA:48,26,0,0
BRDA:47,27,0,2
BRDA:51,28,0,2
BRDA:53,29,0,2
BRDA:57,30,0,2
BRDA:61,31,0,1
BRF:32
BRH:24
end_of_record
TN:
SF:src\services\orders\feedSlice.ts
FN:2,i
FN:2,d
FN:2,d
FN:2,Generator
FN:2,GeneratorFunction
FN:2,GeneratorFunctionPrototype
FN:2,f
FN:2,_regenerator
FN:2,_regeneratorDefine2
FN:2,_regeneratorDefine
FN:2,o
FN:2,_OverloadYield
FN:2,asyncGeneratorStep
FN:2,_asyncToGenerator
FN:2,_next
FN:2,_throw
FN:24,_callee
FN:24,_callee$
FN:41,extraReducers
FNF:19
FNH:13
FNDA:1,i
FNDA:0,d
FNDA:2,d
FNDA:0,Generator
FNDA:0,GeneratorFunction
FNDA:0,GeneratorFunctionPrototype
FNDA:4,f
FNDA:2,_regenerator
FNDA:2,_regeneratorDefine2
FNDA:21,_regeneratorDefine
FNDA:6,o
FNDA:0,_OverloadYield
FNDA:2,asyncGeneratorStep
FNDA:2,_asyncToGenerator
FNDA:2,_next
FNDA:0,_throw
FNDA:1,_callee
FNDA:2,_callee$
FNDA:2,extraReducers
DA:1,1
DA:2,0
DA:3,1
DA:4,1
DA:5,1
DA:6,1
DA:7,1
DA:8,1
DA:9,1
DA:10,1
DA:11,1
DA:12,1
DA:13,1
DA:14,1
DA:15,1
DA:16,1
DA:17,1
DA:18,1
DA:19,1
DA:20,1
DA:21,1
DA:22,1
DA:23,1
DA:24,2
DA:25,1
DA:26,1
DA:27,0
DA:28,0
DA:29,0
DA:30,0
DA:31,0
DA:32,2
DA:33,2
DA:34,2
DA:35,1
DA:36,1
DA:37,1
DA:38,1
DA:39,1
DA:40,1
DA:41,1
DA:42,2
DA:43,2
DA:44,2
DA:45,2
DA:46,2
DA:47,2
DA:48,2
DA:49,2
DA:50,2
DA:51,2
DA:52,2
DA:53,2
DA:54,1
DA:55,1
DA:56,2
DA:57,2
DA:58,1
DA:59,1
DA:60,1
LF:60
LH:54
BRDA:2,0,0,0
BRDA:2,1,0,0
BRDA:2,2,0,0
BRDA:2,3,0,0
BRDA:2,4,0,1
BRDA:2,5,0,0
BRDA:2,6,0,1
BRDA:2,7,0,0
BRDA:2,8,0,2
BRDA:2,9,0,4
BRDA:2,10,0,4
BRDA:2,11,0,4
BRDA:2,12,0,0
BRDA:2,13,0,0
BRDA:2,14,0,0
BRDA:2,15,0,0
BRDA:2,16,0,0
BRDA:2,17,0,0
BRDA:2,18,0,2
BRDA:2,19,0,0
BRDA:2,20,0,0
BRDA:2,21,0,0
BRDA:2,22,0,1
BRDA:2,23,0,3
BRDA:2,24,0,1
BRDA:2,25,0,0
BRDA:2,26,0,2
BRDA:2,27,0,0
BRDA:2,28,0,1
BRDA:2,29,0,2
BRDA:2,30,0,2
BRDA:2,31,0,0
BRDA:2,32,0,1
BRDA:2,33,0,4
BRDA:2,34,0,0
BRDA:2,35,0,2
BRDA:2,36,0,2
BRDA:2,37,0,0
BRDA:2,38,0,21
BRDA:2,39,0,19
BRDA:2,40,0,0
BRDA:2,41,0,2
BRDA:2,42,0,6
BRDA:2,43,0,2
BRDA:2,44,0,2
BRDA:2,45,0,0
BRDA:2,46,0,1
BRDA:2,47,0,1
BRDA:2,48,0,2
BRDA:2,49,0,1
BRDA:2,50,0,1
BRDA:2,51,0,2
BRDA:23,52,0,2
BRDA:24,53,0,1
BRDA:24,54,0,2
BRDA:24,55,0,1
BRDA:26,56,0,1
BRDA:26,57,0,0
BRDA:29,58,0,0
BRDA:31,59,0,0
BRDA:31,60,0,0
BRDA:41,61,0,2
BRDA:43,62,0,2
BRDA:47,63,0,2
BRDA:53,64,0,1
BRF:65
BRH:39
end_of_record
TN:
SF:src\services\orders\orderSlice.ts
FN:2,_regeneratorDefine2
FN:2,_regeneratorDefine
FN:2,o
FN:2,_OverloadYield
FN:2,asyncGeneratorStep
FN:2,_asyncToGenerator
FN:2,_next
FN:2,_throw
FN:25,_callee
FN:25,_callee$
FN:40,_callee2
FN:40,_callee2$
FN:63,clearSelectedOrder
FN:66,clearPlacedOrder
FN:70,extraReducers
FNF:15
FNH:13
FNDA:2,_regeneratorDefine2
FNDA:22,_regeneratorDefine
FNDA:6,o
FNDA:0,_OverloadYield
FNDA:4,asyncGeneratorStep
FNDA:4,_asyncToGenerator
FNDA:4,_next
FNDA:0,_throw
FNDA:1,_callee
FNDA:2,_callee$
FNDA:1,_callee2
FNDA:2,_callee2$
FNDA:1,clearSelectedOrder
FNDA:1,clearPlacedOrder
FNDA:2,extraReducers
DA:1,1
DA:2,0
DA:3,1
DA:4,1
DA:5,1
DA:6,1
DA:7,1
DA:8,1
DA:9,1
DA:10,1
DA:11,1
DA:12,1
DA:13,1
DA:14,1
DA:15,1
DA:16,1
DA:17,1
DA:18,1
DA:19,1
DA:20,1
DA:21,1
DA:22,1
DA:23,1
DA:24,1
DA:25,2
DA:26,1
DA:27,1
DA:28,0
DA:29,0
DA:30,0
DA:31,0
DA:32,0
DA:33,2
DA:34,2
DA:35,2
DA:36,1
DA:37,1
DA:38,1
DA:39,1
DA:40,2
DA:41,1
DA:42,1
DA:43,1
DA:44,1
DA:45,1
DA:46,0
DA:47,0
DA:48,0
DA:49,0
DA:50,0
DA:51,0
DA:52,0
DA:53,0
DA:54,2
DA:55,2
DA:56,2
DA:57,1
DA:58,1
DA:59,1
DA:60,1
DA:61,1
DA:62,1
DA:63,1
DA:64,1
DA:65,1
DA:66,1
DA:67,1
DA:68,1
DA:69,1
DA:70,1
DA:71,2
DA:72,2
DA:73,2
DA:74,2
DA:75,2
DA:76,2
DA:77,2
DA:78,2
DA:79,2
DA:80,0
DA:81,2
DA:82,0
DA:83,2
DA:84,2
DA:85,2
DA:86,2
DA:87,2
DA:88,1
DA:89,1
DA:90,2
DA:91,2
DA:92,2
DA:93,2
DA:94,2
DA:95,2
DA:96,2
DA:97,2
DA:98,2
DA:99,2
DA:100,2
DA:101,2
DA:102,1
DA:103,1
DA:104,2
DA:105,2
DA:106,1
DA:107,1
DA:108,1
DA:109,1
DA:110,1
LF:110
LH:94
BRDA:2,0,0,2
BRDA:2,1,0,0
BRDA:2,2,0,22
BRDA:2,3,0,20
BRDA:2,4,0,0
BRDA:2,5,0,2
BRDA:2,6,0,6
BRDA:2,7,0,4
BRDA:2,8,0,4
BRDA:2,9,0,0
BRDA:2,10,0,2
BRDA:2,11,0,2
BRDA:2,12,0,4
BRDA:2,13,0,2
BRDA:2,14,0,2
BRDA:2,15,0,4
BRDA:24,16,0,2
BRDA:25,17,0,1
BRDA:25,18,0,2
BRDA:25,19,0,1
BRDA:27,20,0,1
BRDA:27,21,0,0
BRDA:30,22,0,0
BRDA:32,23,0,0
BRDA:32,24,0,0
BRDA:39,25,0,2
BRDA:40,26,0,1
BRDA:40,27,0,2
BRDA:40,28,0,1
BRDA:42,29,0,1
BRDA:43,30,0,0
BRDA:45,31,0,0
BRDA:47,32,0,0
BRDA:47,33,0,0
BRDA:51,34,0,0
BRDA:53,35,0,0
BRDA:53,36,0,0
BRDA:63,37,0,1
BRDA:66,38,0,1
BRDA:70,39,0,2
BRDA:72,40,0,2
BRDA:77,41,0,2
BRDA:79,42,0,0
BRDA:81,43,0,0
BRDA:87,44,0,1
BRDA:91,45,0,2
BRDA:96,46,0,2
BRDA:101,47,0,1
BRF:48
BRH:32
end_of_record
TN:
SF:src\services\orders\ordersSlice.ts
FN:2,i
FN:2,d
FN:2,d
FN:2,Generator
FN:2,GeneratorFunction
FN:2,GeneratorFunctionPrototype
FN:2,f
FN:2,_regenerator
FN:2,_regeneratorDefine2
FN:2,_regeneratorDefine
FN:2,o
FN:2,_OverloadYield
FN:2,asyncGeneratorStep
FN:2,_asyncToGenerator
FN:2,_next
FN:2,_throw
FN:20,_callee
FN:20,_callee$
FN:37,extraReducers
FNF:19
FNH:13
FNDA:1,i
FNDA:0,d
FNDA:2,d
FNDA:0,Generator
FNDA:0,GeneratorFunction
FNDA:0,GeneratorFunctionPrototype
FNDA:4,f
FNDA:2,_regenerator
FNDA:2,_regeneratorDefine2
FNDA:21,_regeneratorDefine
FNDA:6,o
FNDA:0,_OverloadYield
FNDA:2,asyncGeneratorStep
FNDA:2,_asyncToGenerator
FNDA:2,_next
FNDA:0,_throw
FNDA:1,_callee
FNDA:2,_callee$
FNDA:2,extraReducers
DA:1,1
DA:2,0
DA:3,1
DA:4,1
DA:5,1
DA:6,1
DA:7,1
DA:8,1
DA:9,1
DA:10,1
DA:11,1
DA:12,1
DA:13,1
DA:14,1
DA:15,1
DA:16,1
DA:17,1
DA:18,1
DA:19,1
DA:20,2
DA:21,1
DA:22,1
DA:23,0
DA:24,0
DA:25,0
DA:26,0
DA:27,0
DA:28,2
DA:29,2
DA:30,2
DA:31,1
DA:32,1
DA:33,1
DA:34,1
DA:35,1
DA:36,1
DA:37,1
DA:38,2
DA:39,2
DA:40,2
DA:41,2
DA:42,2
DA:43,2
DA:44,2
DA:45,2
DA:46,2
DA:47,2
DA:48,1
DA:49,1
DA:50,2
DA:51,2
DA:52,1
DA:53,1
DA:54,1
LF:54
LH:48
BRDA:2,0,0,0
BRDA:2,1,0,0
BRDA:2,2,0,0
BRDA:2,3,0,0
BRDA:2,4,0,1
BRDA:2,5,0,0
BRDA:2,6,0,1
BRDA:2,7,0,0
BRDA:2,8,0,2
BRDA:2,9,0,4
BRDA:2,10,0,4
BRDA:2,11,0,4
BRDA:2,12,0,0
BRDA:2,13,0,0
BRDA:2,14,0,0
BRDA:2,15,0,0
BRDA:2,16,0,0
BRDA:2,17,0,0
BRDA:2,18,0,2
BRDA:2,19,0,0
BRDA:2,20,0,0
BRDA:2,21,0,0
BRDA:2,22,0,1
BRDA:2,23,0,3
BRDA:2,24,0,1
BRDA:2,25,0,0
BRDA:2,26,0,2
BRDA:2,27,0,0
BRDA:2,28,0,1
BRDA:2,29,0,2
BRDA:2,30,0,2
BRDA:2,31,0,0
BRDA:2,32,0,1
BRDA:2,33,0,4
BRDA:2,34,0,0
BRDA:2,35,0,2
BRDA:2,36,0,2
BRDA:2,37,0,0
BRDA:2,38,0,21
BRDA:2,39,0,19
BRDA:2,40,0,0
BRDA:2,41,0,2
BRDA:2,42,0,6
BRDA:2,43,0,2
BRDA:2,44,0,2
BRDA:2,45,0,0
BRDA:2,46,0,1
BRDA:2,47,0,1
BRDA:2,48,0,2
BRDA:2,49,0,1
BRDA:2,50,0,1
BRDA:2,51,0,2
BRDA:19,52,0,2
BRDA:20,53,0,1
BRDA:20,54,0,2
BRDA:20,55,0,1
BRDA:22,56,0,1
BRDA:22,57,0,0
BRDA:25,58,0,0
BRDA:27,59,0,0
BRDA:27,60,0,0
BRDA:37,61,0,2
BRDA:39,62,0,2
BRDA:43,63,0,2
BRDA:47,64,0,1
BRF:65
BRH:39
end_of_record
TN:
SF:src\services\user\userSlice.ts
FN:2,_regeneratorDefine2
FN:2,_regeneratorDefine
FN:2,o
FN:2,_OverloadYield
FN:2,asyncGeneratorStep
FN:2,_asyncToGenerator
FN:2,_next
FN:2,_throw
FN:31,_callee
FN:31,_callee$
FN:51,_callee2
FN:51,_callee2$
FN:73,_callee3
FN:73,_callee3$
FN:95,_callee4
FN:95,_callee4$
FN:117,_callee5
FN:117,_callee5$
FN:141,extraReducers
FNF:19
FNH:17
FNDA:2,_regeneratorDefine2
FNDA:25,_regeneratorDefine
FNDA:6,o
FNDA:0,_OverloadYield
FNDA:10,asyncGeneratorStep
FNDA:10,_asyncToGenerator
FNDA:10,_next
FNDA:0,_throw
FNDA:1,_callee
FNDA:2,_callee$
FNDA:1,_callee2
FNDA:2,_callee2$
FNDA:1,_callee3
FNDA:2,_callee3$
FNDA:1,_callee4
FNDA:2,_callee4$
FNDA:1,_callee5
FNDA:2,_callee5$
FNDA:2,extraReducers
DA:1,1
DA:2,0
DA:3,1
DA:4,1
DA:5,1
DA:6,1
DA:7,1
DA:8,1
DA:9,1
DA:10,1
DA:11,1
DA:12,1
DA:13,1
DA:14,1
DA:15,1
DA:16,1
DA:17,1
DA:18,1
DA:19,1
DA:20,1
DA:21,1
DA:22,1
DA:23,1
DA:24,1
DA:25,1
DA:26,1
DA:27,1
DA:28,1
DA:29,1
DA:30,1
DA:31,2
DA:32,1
DA:33,1
DA:34,1
DA:35,1
DA:36,0
DA:37,0
DA:38,0
DA:39,0
DA:40,0
DA:41,0
DA:42,0
DA:43,0
DA:44,2
DA:45,2
DA:46,2
DA:47,1
DA:48,1
DA:49,1
DA:50,1
DA:51,2
DA:52,1
DA:53,1
DA:54,1
DA:55,1
DA:56,1
DA:57,1
DA:58,0
DA:59,0
DA:60,0
DA:61,0
DA:62,0
DA:63,0
DA:64,0
DA:65,0
DA:66,2
DA:67,2
DA:68,2
DA:69,1
DA:70,1
DA:71,1
DA:72,1
DA:73,2
DA:74,1
DA:75,1
DA:76,1
DA:77,1
DA:78,1
DA:79,0
DA:80,0
DA:81,0
DA:82,0
DA:83,0
DA:84,0
DA:85,0
DA:86,0
DA:87,0
DA:88,2
DA:89,2
DA:90,2
DA:91,1
DA:92,1
DA:93,1
DA:94,1
DA:95,2
DA:96,1
DA:97,1
DA:98,1
DA:99,1
DA:100,1
DA:101,1
DA:102,0
DA:103,0
DA:104,0
DA:105,0
DA:106,0
DA:107,0
DA:108,0
DA:109,0
DA:110,2
DA:111,2
DA:112,2
DA:113,1
DA:114,1
DA:115,1
DA:116,1
DA:117,2
DA:118,1
DA:119,1
DA:120,1
DA:121,1
DA:122,0
DA:123,0
DA:124,0
DA:125,0
DA:126,0
DA:127,0
DA:128,0
DA:129,0
DA:130,0
DA:131,0
DA:132,2
DA:133,2
DA:134,2
DA:135,1
DA:136,1
DA:137,1
DA:138,1
DA:139,1
DA:140,1
DA:141,1
DA:142,2
DA:143,2
DA:144,2
DA:145,2
DA:146,2
DA:147,2
DA:148,2
DA:149,2
DA:150,2
DA:151,2
DA:152,2
DA:153,1
DA:154,1
DA:155,2
DA:156,2
DA:157,2
DA:158,2
DA:159,2
DA:160,2
DA:161,2
DA:162,2
DA:163,2
DA:164,2
DA:165,2
DA:166,1
DA:167,1
DA:168,2
DA:169,2
DA:170,2
DA:171,2
DA:172,2
DA:173,2
DA:174,2
DA:175,2
DA:176,2
DA:177,2
DA:178,2
DA:179,1
DA:180,1
DA:181,1
DA:182,2
DA:183,2
DA:184,2
DA:185,2
DA:186,2
DA:187,2
DA:188,2
DA:189,2
DA:190,2
DA:191,2
DA:192,2
DA:193,1
DA:194,2
DA:195,2
DA:196,2
DA:197,2
DA:198,2
DA:199,2
DA:200,2
DA:201,2
DA:202,2
DA:203,2
DA:204,2
DA:205,1
DA:206,2
DA:207,2
DA:208,1
DA:209,1
DA:210,1
LF:210
LH:166
BRDA:2,0,0,2
BRDA:2,1,0,0
BRDA:2,2,0,25
BRDA:2,3,0,23
BRDA:2,4,0,0
BRDA:2,5,0,2
BRDA:2,6,0,6
BRDA:2,7,0,10
BRDA:2,8,0,10
BRDA:2,9,0,0
BRDA:2,10,0,5
BRDA:2,11,0,5
BRDA:2,12,0,10
BRDA:2,13,0,5
BRDA:2,14,0,5
BRDA:2,15,0,10
BRDA:30,16,0,2
BRDA:31,17,0,1
BRDA:31,18,0,2
BRDA:31,19,0,1
BRDA:33,20,0,1
BRDA:34,21,0,0
BRDA:35,22,0,0
BRDA:37,23,0,0
BRDA:37,24,0,0
BRDA:41,25,0,0
BRDA:43,26,0,0
BRDA:43,27,0,0
BRDA:50,28,0,2
BRDA:51,29,0,1
BRDA:51,30,0,2
BRDA:51,31,0,1
BRDA:53,32,0,1
BRDA:54,33,0,0
BRDA:57,34,0,0
BRDA:59,35,0,0
BRDA:59,36,0,0
BRDA:63,37,0,0
BRDA:65,38,0,0
BRDA:65,39,0,0
BRDA:72,40,0,2
BRDA:73,41,0,1
BRDA:73,42,0,2
BRDA:73,43,0,1
BRDA:75,44,0,1
BRDA:76,45,0,0
BRDA:79,46,0,0
BRDA:81,47,0,0
BRDA:81,48,0,0
BRDA:85,49,0,0
BRDA:87,50,0,0
BRDA:87,51,0,0
BRDA:94,52,0,2
BRDA:95,53,0,1
BRDA:95,54,0,2
BRDA:95,55,0,1
BRDA:97,56,0,1
BRDA:98,57,0,0
BRDA:101,58,0,0
BRDA:104,59,0,0
BRDA:107,60,0,0
BRDA:109,61,0,0
BRDA:109,62,0,0
BRDA:116,63,0,2
BRDA:117,64,0,1
BRDA:117,65,0,2
BRDA:117,66,0,1
BRDA:119,67,0,1
BRDA:120,68,0,0
BRDA:121,69,0,0
BRDA:124,70,0,0
BRDA:129,71,0,0
BRDA:131,72,0,0
BRDA:131,73,0,0
BRDA:141,74,0,2
BRDA:143,75,0,2
BRDA:148,76,0,2
BRDA:152,77,0,1
BRDA:156,78,0,2
BRDA:161,79,0,2
BRDA:165,80,0,1
BRDA:169,81,0,2
BRDA:174,82,0,2
BRDA:178,83,0,1
BRDA:183,84,0,2
BRDA:188,85,0,2
BRDA:192,86,0,1
BRDA:195,87,0,2
BRDA:200,88,0,2
BRDA:204,89,0,1
BRF:90
BRH:54
end_of_record
TN:
SF:src\utils\burger-api.ts
FN:2,_regenerator
FN:2,i
FN:2,d
FN:2,d
FN:2,Generator
FN:2,GeneratorFunction
FN:2,GeneratorFunctionPrototype
FN:2,f
FN:2,_regenerator
FN:2,_regeneratorDefine2
FN:2,_regeneratorDefine
FN:2,o
FN:2,_OverloadYield
FN:2,asyncGeneratorStep
FN:2,_asyncToGenerator
FN:2,_next
FN:2,_throw
FN:6,checkResponse
FN:18,refreshToken
FN:38,_callee
FN:41,_callee$
FN:74,getIngredientsApi
FN:82,getFeedsApi
FN:90,getOrdersApi
FN:107,orderBurgerApi
FN:126,getOrderByNumberApi
FN:146,registerUserApi
FN:165,loginUserApi
FN:179,forgotPasswordApi
FN:193,resetPasswordApi
FN:209,getUserApi
FN:216,updateUserApi
FN:226,logoutApi
FNF:33
FNH:24
FNDA:6,_regenerator
FNDA:4,i
FNDA:0,d
FNDA:8,d
FNDA:0,Generator
FNDA:0,GeneratorFunction
FNDA:0,GeneratorFunctionPrototype
FNDA:12,f
FNDA:6,_regenerator
FNDA:6,_regeneratorDefine2
FNDA:64,_regeneratorDefine
FNDA:18,o
FNDA:0,_OverloadYield
FNDA:12,asyncGeneratorStep
FNDA:6,_asyncToGenerator
FNDA:12,_next
FNDA:0,_throw
FNDA:10,checkResponse
FNDA:0,refreshToken
FNDA:4,_callee
FNDA:12,_callee$
FNDA:1,getIngredientsApi
FNDA:1,getFeedsApi
FNDA:1,getOrdersApi
FNDA:1,orderBurgerApi
FNDA:1,getOrderByNumberApi
FNDA:1,registerUserApi
FNDA:1,loginUserApi
FNDA:0,forgotPasswordApi
FNDA:0,resetPasswordApi
FNDA:1,getUserApi
FNDA:1,updateUserApi
FNDA:1,logoutApi
DA:1,1
DA:2,0
DA:3,1
DA:4,1
DA:5,1
DA:6,1
DA:7,10
DA:8,1
DA:9,1
DA:10,1
DA:11,1
DA:12,1
DA:13,1
DA:14,1
DA:15,1
DA:16,1
DA:17,1
DA:18,1
DA:19,0
DA:20,0
DA:21,0
DA:22,0
DA:23,0
DA:24,0
DA:25,0
DA:26,0
DA:27,0
DA:28,0
DA:29,0
DA:30,0
DA:31,0
DA:32,0
DA:33,0
DA:34,0
DA:35,0
DA:36,0
DA:37,1
DA:38,1
DA:39,4
DA:40,4
DA:41,4
DA:42,4
DA:43,4
DA:44,4
DA:45,0
DA:46,0
DA:47,0
DA:48,0
DA:49,0
DA:50,0
DA:51,0
DA:52,0
DA:53,0
DA:54,0
DA:55,0
DA:56,1
DA:57,1
DA:58,1
DA:59,1
DA:60,1
DA:61,1
DA:62,1
DA:63,1
DA:64,1
DA:65,1
DA:66,1
DA:67,1
DA:68,1
DA:69,1
DA:70,1
DA:71,1
DA:72,1
DA:73,1
DA:74,1
DA:75,1
DA:76,1
DA:77,1
DA:78,1
DA:79,0
DA:80,1
DA:81,1
DA:82,1
DA:83,1
DA:84,1
DA:85,1
DA:86,1
DA:87,0
DA:88,1
DA:89,1
DA:90,1
DA:91,1
DA:92,1
DA:93,1
DA:94,1
DA:95,1
DA:96,1
DA:97,1
DA:98,1
DA:99,0
DA:100,1
DA:101,1
DA:102,1
DA:103,1
DA:104,1
DA:105,1
DA:106,1
DA:107,1
DA:108,1
DA:109,1
DA:110,1
DA:111,1
DA:112,1
DA:113,1
DA:114,1
DA:115,1
DA:116,1
DA:117,1
DA:118,1
DA:119,0
DA:120,1
DA:121,1
DA:122,1
DA:123,1
DA:124,1
DA:125,1
DA:126,1
DA:127,1
DA:128,1
DA:129,1
DA:130,1
DA:131,1
DA:132,1
DA:133,1
DA:134,1
DA:135,1
DA:136,1
DA:137,1
DA:138,1
DA:139,1
DA:140,1
DA:141,1
DA:142,1
DA:143,1
DA:144,1
DA:145,1
DA:146,1
DA:147,1
DA:148,1
DA:149,1
DA:150,1
DA:151,1
DA:152,1
DA:153,1
DA:154,1
DA:155,1
DA:156,1
DA:157,0
DA:158,1
DA:159,1
DA:160,1
DA:161,1
DA:162,1
DA:163,1
DA:164,1
DA:165,1
DA:166,1
DA:167,1
DA:168,1
DA:169,1
DA:170,1
DA:171,1
DA:172,1
DA:173,1
DA:174,1
DA:175,1
DA:176,0
DA:177,1
DA:178,1
DA:179,1
DA:180,0
DA:181,0
DA:182,0
DA:183,0
DA:184,0
DA:185,0
DA:186,0
DA:187,0
DA:188,0
DA:189,0
DA:190,0
DA:191,0
DA:192,1
DA:193,1
DA:194,0
DA:195,0
DA:196,0
DA:197,0
DA:198,0
DA:199,0
DA:200,0
DA:201,0
DA:202,0
DA:203,0
DA:204,0
DA:205,0
DA:206,1
DA:207,1
DA:208,1
DA:209,1
DA:210,1
DA:211,1
DA:212,1
DA:213,1
DA:214,1
DA:215,1
DA:216,1
DA:217,1
DA:218,1
DA:219,1
DA:220,1
DA:221,1
DA:222,1
DA:223,1
DA:224,1
DA:225,1
DA:226,1
DA:227,1
DA:228,1
DA:229,1
DA:230,1
DA:231,1
DA:232,1
DA:233,1
DA:234,1
DA:235,1
LF:235
LH:175
BRDA:2,0,0,6
BRDA:2,1,0,0
BRDA:2,2,0,0
BRDA:2,3,0,0
BRDA:2,4,0,0
BRDA:2,5,0,4
BRDA:2,6,0,0
BRDA:2,7,0,4
BRDA:2,8,0,0
BRDA:2,9,0,8
BRDA:2,10,0,16
BRDA:2,11,0,16
BRDA:2,12,0,16
BRDA:2,13,0,0
BRDA:2,14,0,0
BRDA:2,15,0,0
BRDA:2,16,0,0
BRDA:2,17,0,0
BRDA:2,18,0,0
BRDA:2,19,0,12
BRDA:2,20,0,0
BRDA:2,21,0,0
BRDA:2,22,0,0
BRDA:2,23,0,4
BRDA:2,24,0,16
BRDA:2,25,0,4
BRDA:2,26,0,0
BRDA:2,27,0,12
BRDA:2,28,0,0
BRDA:2,29,0,4
BRDA:2,30,0,12
BRDA:2,31,0,12
BRDA:2,32,0,0
BRDA:2,33,0,4
BRDA:2,34,0,12
BRDA:2,35,0,0
BRDA:2,36,0,6
BRDA:2,37,0,6
BRDA:2,38,0,0
BRDA:2,39,0,64
BRDA:2,40,0,58
BRDA:2,41,0,0
BRDA:2,42,0,6
BRDA:2,43,0,18
BRDA:2,44,0,12
BRDA:2,45,0,12
BRDA:2,46,0,0
BRDA:2,47,0,4
BRDA:2,48,0,8
BRDA:2,49,0,6
BRDA:2,50,0,4
BRDA:2,51,0,4
BRDA:2,52,0,12
BRDA:6,53,0,10
BRDA:7,54,0,0
BRDA:38,55,0,6
BRDA:38,56,0,4
BRDA:41,57,0,12
BRDA:41,58,0,4
BRDA:43,59,0,4
BRDA:44,60,0,4
BRDA:44,61,0,0
BRDA:47,62,0,0
BRDA:52,63,0,0
BRDA:53,64,0,0
BRDA:53,65,0,0
BRDA:55,66,0,0
BRDA:55,67,0,0
BRDA:74,68,0,1
BRDA:76,69,0,1
BRDA:77,70,0,1
BRDA:78,71,0,0
BRDA:82,72,0,1
BRDA:84,73,0,1
BRDA:85,74,0,1
BRDA:86,75,0,0
BRDA:90,76,0,1
BRDA:97,77,0,1
BRDA:98,78,0,0
BRDA:107,79,0,1
BRDA:117,80,0,1
BRDA:118,81,0,0
BRDA:126,82,0,1
BRDA:132,83,0,1
BRDA:146,84,0,1
BRDA:154,85,0,1
BRDA:155,86,0,1
BRDA:156,87,0,0
BRDA:165,88,0,1
BRDA:173,89,0,1
BRDA:174,90,0,1
BRDA:175,91,0,0
BRDA:209,92,0,1
BRDA:216,93,0,1
BRDA:226,94,0,1
BRDA:235,95,0,1
BRF:96
BRH:60
end_of_record
TN:
SF:src\utils\cookie.ts
FN:1,getCookie
FN:13,setCookie
FN:45,deleteCookie
FNF:3
FNH:3
FNDA:4,getCookie
FNDA:3,setCookie
FNDA:1,deleteCookie
DA:1,1
DA:2,4
DA:3,4
DA:4,4
DA:5,4
DA:6,4
DA:7,4
DA:8,4
DA:9,4
DA:10,4
DA:11,4
DA:12,1
DA:13,1
DA:14,3
DA:15,3
DA:16,3
DA:17,3
DA:18,3
DA:19,3
DA:20,3
DA:21,3
DA:22,3
DA:23,3
DA:24,3
DA:25,1
DA:26,1
DA:27,1
DA:28,1
DA:29,3
DA:30,3
DA:31,1
DA:32,1
DA:33,3
DA:34,3
DA:35,3
DA:36,4
DA:37,4
DA:38,4
DA:39,4
DA:40,4
DA:41,4
DA:42,3
DA:43,3
DA:44,1
DA:45,1
DA:46,1
DA:47,1
LF:47
LH:47
BRDA:1,0,0,4
BRDA:10,1,0,1
BRDA:10,2,0,3
BRDA:13,3,0,3
BRDA:16,4,0,1
BRDA:16,5,0,1
BRDA:16,6,0,2
BRDA:24,7,0,1
BRDA:24,8,0,1
BRDA:30,9,0,1
BRDA:30,10,0,1
BRDA:35,11,0,4
BRDA:45,12,0,1
BRF:13
BRH:13
end_of_record
